[debug] [2024-02-23T09:20:49.660Z] ----------------------------------------------------------------------
[debug] [2024-02-23T09:20:49.662Z] Command:       C:\Program Files\nodejs\node.exe C:\Users\kumar\AppData\Roaming\npm\node_modules\firebase-tools\lib\bin\firebase.js deploy
[debug] [2024-02-23T09:20:49.662Z] CLI Version:   13.3.1
[debug] [2024-02-23T09:20:49.663Z] Platform:      win32
[debug] [2024-02-23T09:20:49.663Z] Node Version:  v18.17.0
[debug] [2024-02-23T09:20:49.663Z] Time:          Fri Feb 23 2024 14:50:49 GMT+0530 (India Standard Time)
[debug] [2024-02-23T09:20:49.664Z] ----------------------------------------------------------------------
[debug] 
[debug] [2024-02-23T09:20:49.731Z] > command requires scopes: ["email","openid","https://www.googleapis.com/auth/cloudplatformprojects.readonly","https://www.googleapis.com/auth/firebase","https://www.googleapis.com/auth/cloud-platform"]
[debug] [2024-02-23T09:20:49.731Z] > authorizing via signed-in user (kumar29.aayush@gmail.com)
[debug] [2024-02-23T09:20:49.731Z] [iam] checking project healthorange-fd3df for permissions ["firebase.projects.get","firebasehosting.sites.update"]
[debug] [2024-02-23T09:20:49.733Z] > refreshing access token with scopes: []
[debug] [2024-02-23T09:20:49.734Z] >>> [apiv2][query] POST https://www.googleapis.com/oauth2/v3/token [none]
[debug] [2024-02-23T09:20:49.735Z] >>> [apiv2][body] POST https://www.googleapis.com/oauth2/v3/token [omitted]
[debug] [2024-02-23T09:20:49.787Z] *** [apiv2] error from fetch(https://www.googleapis.com/oauth2/v3/token, {"headers":{},"method":"POST","body":{"_overheadLength":545,"_valueLength":212,"_valuesToMeasure":[],"writable":false,"readable":true,"dataSize":0,"maxDataSize":2097152,"pauseStreams":true,"_released":true,"_streams":[],"_currentStream":null,"_insideLoop":false,"_pendingNext":false,"_boundary":"--------------------------472494190230370030199795","_events":{},"_eventsCount":1}}): FetchError: request to https://www.googleapis.com/oauth2/v3/token failed, reason: getaddrinfo ENOTFOUND www.googleapis.com
[debug] [2024-02-23T09:20:49.787Z] [iam] error while checking permissions, command may fail: FirebaseError: Authentication Error: Your credentials are no longer valid. Please run firebase login --reauth

For CI servers and headless environments, generate a new token with firebase login:ci
[debug] [2024-02-23T09:20:49.788Z] > refreshing access token with scopes: []
[debug] [2024-02-23T09:20:49.788Z] >>> [apiv2][query] POST https://www.googleapis.com/oauth2/v3/token [none]
[debug] [2024-02-23T09:20:49.788Z] >>> [apiv2][body] POST https://www.googleapis.com/oauth2/v3/token [omitted]
[debug] [2024-02-23T09:20:49.801Z] *** [apiv2] error from fetch(https://www.googleapis.com/oauth2/v3/token, {"headers":{},"method":"POST","body":{"_overheadLength":545,"_valueLength":212,"_valuesToMeasure":[],"writable":false,"readable":true,"dataSize":0,"maxDataSize":2097152,"pauseStreams":true,"_released":true,"_streams":[],"_currentStream":null,"_insideLoop":false,"_pendingNext":false,"_boundary":"--------------------------958914715960943013159158","_events":{},"_eventsCount":1}}): FetchError: request to https://www.googleapis.com/oauth2/v3/token failed, reason: getaddrinfo ENOTFOUND www.googleapis.com
[debug] [2024-02-23T09:20:49.801Z] Authentication Error: Your credentials are no longer valid. Please run firebase login --reauth

For CI servers and headless environments, generate a new token with firebase login:ci
[error] 
[error] Error: Assertion failed: resolving hosting target of a site with no site name or target name. This should have caused an error earlier
[debug] [2024-02-23T09:36:10.700Z] ----------------------------------------------------------------------
[debug] [2024-02-23T09:36:10.702Z] Command:       C:\Program Files\nodejs\node.exe C:\Users\kumar\AppData\Roaming\npm\node_modules\firebase-tools\lib\bin\firebase.js init
[debug] [2024-02-23T09:36:10.702Z] CLI Version:   13.3.1
[debug] [2024-02-23T09:36:10.702Z] Platform:      win32
[debug] [2024-02-23T09:36:10.703Z] Node Version:  v18.17.0
[debug] [2024-02-23T09:36:10.703Z] Time:          Fri Feb 23 2024 15:06:10 GMT+0530 (India Standard Time)
[debug] [2024-02-23T09:36:10.703Z] ----------------------------------------------------------------------
[debug] 
[debug] [2024-02-23T09:36:10.755Z] > command requires scopes: ["email","openid","https://www.googleapis.com/auth/cloudplatformprojects.readonly","https://www.googleapis.com/auth/firebase","https://www.googleapis.com/auth/cloud-platform"]
[debug] [2024-02-23T09:36:10.755Z] > authorizing via signed-in user (kumar29.aayush@gmail.com)
[info] 
     ######## #### ########  ######## ########     ###     ######  ########
     ##        ##  ##     ## ##       ##     ##  ##   ##  ##       ##
     ######    ##  ########  ######   ########  #########  ######  ######
     ##        ##  ##    ##  ##       ##     ## ##     ##       ## ##
     ##       #### ##     ## ######## ########  ##     ##  ######  ########

You're about to initialize a Firebase project in this directory:

  D:\Web Development\healthcheckup

Before we get started, keep in mind:

  * You are initializing within an existing Firebase project directory

[info] 
=== Project Setup
[info] 
[info] First, let's associate this project directory with a Firebase project.
[info] You can create multiple project aliases by running firebase use --add, 
[info] but for now we'll just set up a default project.
[info] 
[debug] [2024-02-23T09:36:21.282Z] Using project from CLI flag: healthorange-fd3df
[debug] [2024-02-23T09:36:21.283Z] > refreshing access token with scopes: []
[debug] [2024-02-23T09:36:21.284Z] >>> [apiv2][query] POST https://www.googleapis.com/oauth2/v3/token [none]
[debug] [2024-02-23T09:36:21.284Z] >>> [apiv2][body] POST https://www.googleapis.com/oauth2/v3/token [omitted]
[debug] [2024-02-23T09:36:21.845Z] <<< [apiv2][status] POST https://www.googleapis.com/oauth2/v3/token 200
[debug] [2024-02-23T09:36:21.845Z] <<< [apiv2][body] POST https://www.googleapis.com/oauth2/v3/token [omitted]
[debug] [2024-02-23T09:36:21.851Z] >>> [apiv2][query] GET https://firebase.googleapis.com/v1beta1/projects/healthorange-fd3df [none]
[debug] [2024-02-23T09:36:22.834Z] <<< [apiv2][status] GET https://firebase.googleapis.com/v1beta1/projects/healthorange-fd3df 200
[debug] [2024-02-23T09:36:22.834Z] <<< [apiv2][body] GET https://firebase.googleapis.com/v1beta1/projects/healthorange-fd3df {"projectId":"healthorange-fd3df","projectNumber":"734132442410","displayName":"HealthOrange","name":"projects/healthorange-fd3df","resources":{"hostingSite":"healthorange-fd3df"},"state":"ACTIVE","etag":"1_703ab457-14ff-4485-8d71-26699c881d7f"}
[info] i  Using project healthorange-fd3df (HealthOrange) 
[info] 
=== Hosting Setup
[debug] [2024-02-23T09:36:22.839Z] >>> [apiv2][query] GET https://firebase.googleapis.com/v1beta1/projects/healthorange-fd3df [none]
[debug] [2024-02-23T09:36:23.591Z] <<< [apiv2][status] GET https://firebase.googleapis.com/v1beta1/projects/healthorange-fd3df 200
[debug] [2024-02-23T09:36:23.591Z] <<< [apiv2][body] GET https://firebase.googleapis.com/v1beta1/projects/healthorange-fd3df {"projectId":"healthorange-fd3df","projectNumber":"734132442410","displayName":"HealthOrange","name":"projects/healthorange-fd3df","resources":{"hostingSite":"healthorange-fd3df"},"state":"ACTIVE","etag":"1_703ab457-14ff-4485-8d71-26699c881d7f"}
[info] 
[info] Your public directory is the folder (relative to your project directory) that
[info] will contain Hosting assets to be uploaded with firebase deploy. If you
[info] have a build process for your assets, use your build's output directory.
[info] 
